  [1m[36m (152.2ms)[0m  [1mCREATE TABLE "schema_migrations" ("version" varchar NOT NULL) [0m
  [1m[35m (0.1ms)[0m  select sqlite_version(*)
  [1m[36m (98.9ms)[0m  [1mCREATE UNIQUE INDEX "unique_schema_migrations" ON "schema_migrations" ("version")[0m
  [1m[35mActiveRecord::SchemaMigration Load (0.1ms)[0m  SELECT "schema_migrations".* FROM "schema_migrations"
Migrating to CreateFamilies (20180128111350)
  [1m[36mActiveRecord::SchemaMigration Load (0.1ms)[0m  [1mSELECT "schema_migrations".* FROM "schema_migrations"[0m
Migrating to CreateFamilies (20180128111435)
  [1m[35m (0.1ms)[0m  begin transaction
  [1m[36m (0.1ms)[0m  [1mrollback transaction[0m
  [1m[36mActiveRecord::SchemaMigration Load (0.1ms)[0m  [1mSELECT "schema_migrations".* FROM "schema_migrations"[0m
Migrating to CreateFamilies (20180128111435)
  [1m[35m (0.1ms)[0m  begin transaction
  [1m[36m (0.5ms)[0m  [1mCREATE TABLE "families" ("id" INTEGER PRIMARY KEY AUTOINCREMENT NOT NULL, "name" varchar, "age" integer, "created_at" datetime NOT NULL, "updated_at" datetime NOT NULL) [0m
  [1m[35mSQL (0.2ms)[0m  INSERT INTO "schema_migrations" ("version") VALUES (?)  [["version", "20180128111435"]]
  [1m[36m (97.3ms)[0m  [1mcommit transaction[0m
  [1m[35mActiveRecord::SchemaMigration Load (0.1ms)[0m  SELECT "schema_migrations".* FROM "schema_migrations"


Started GET "/" for 127.0.0.1 at 2018-01-28 16:47:11 +0530
  [1m[36mActiveRecord::SchemaMigration Load (0.1ms)[0m  [1mSELECT "schema_migrations".* FROM "schema_migrations"[0m
Processing by Rails::WelcomeController#index as HTML
  Rendered /home/lakshman/.rbenv/versions/2.2.2/lib/ruby/gems/2.2.0/gems/railties-4.2.7/lib/rails/templates/rails/welcome/index.html.erb (1.8ms)
Completed 200 OK in 75ms (Views: 53.5ms | ActiveRecord: 0.0ms)


Started GET "/" for 127.0.0.1 at 2018-01-28 16:48:22 +0530
Processing by FamiliesController#index as HTML
  Rendered families/index.html.erb within layouts/application (1.9ms)
Completed 500 Internal Server Error in 8ms (ActiveRecord: 0.0ms)

SyntaxError (/home/lakshman/Projects/home_management/app/views/families/index.html.erb:16: syntax error, unexpected ')', expecting '='
...ffer.append=( family.name,age );@output_buffer.safe_append='...
...                               ^
/home/lakshman/Projects/home_management/app/views/families/index.html.erb:21: syntax error, unexpected keyword_end, expecting ')'
'.freeze;     end 
                 ^
/home/lakshman/Projects/home_management/app/views/families/index.html.erb:29: syntax error, unexpected keyword_ensure, expecting ')'
/home/lakshman/Projects/home_management/app/views/families/index.html.erb:31: syntax error, unexpected keyword_end, expecting ')'):
  app/views/families/index.html.erb:16: syntax error, unexpected ')', expecting '='
  app/views/families/index.html.erb:21: syntax error, unexpected keyword_end, expecting ')'
  app/views/families/index.html.erb:29: syntax error, unexpected keyword_ensure, expecting ')'
  app/views/families/index.html.erb:31: syntax error, unexpected keyword_end, expecting ')'


  Rendered /home/lakshman/.rbenv/versions/2.2.2/lib/ruby/gems/2.2.0/gems/actionpack-4.2.7/lib/action_dispatch/middleware/templates/rescues/_source.erb (9.6ms)
  Rendered /home/lakshman/.rbenv/versions/2.2.2/lib/ruby/gems/2.2.0/gems/actionpack-4.2.7/lib/action_dispatch/middleware/templates/rescues/_trace.html.erb (4.5ms)
  Rendered /home/lakshman/.rbenv/versions/2.2.2/lib/ruby/gems/2.2.0/gems/actionpack-4.2.7/lib/action_dispatch/middleware/templates/rescues/_request_and_response.html.erb (1.4ms)
  Rendered /home/lakshman/.rbenv/versions/2.2.2/lib/ruby/gems/2.2.0/gems/actionpack-4.2.7/lib/action_dispatch/middleware/templates/rescues/diagnostics.html.erb within rescues/layout (45.1ms)
  Rendered /home/lakshman/.rbenv/versions/2.2.2/lib/ruby/gems/2.2.0/gems/web-console-2.3.0/lib/web_console/templates/_markup.html.erb (0.4ms)
  Rendered /home/lakshman/.rbenv/versions/2.2.2/lib/ruby/gems/2.2.0/gems/web-console-2.3.0/lib/web_console/templates/_inner_console_markup.html.erb within layouts/inlined_string (0.7ms)
  Rendered /home/lakshman/.rbenv/versions/2.2.2/lib/ruby/gems/2.2.0/gems/web-console-2.3.0/lib/web_console/templates/_prompt_box_markup.html.erb within layouts/inlined_string (0.3ms)
  Rendered /home/lakshman/.rbenv/versions/2.2.2/lib/ruby/gems/2.2.0/gems/web-console-2.3.0/lib/web_console/templates/style.css.erb within layouts/inlined_string (0.3ms)
  Rendered /home/lakshman/.rbenv/versions/2.2.2/lib/ruby/gems/2.2.0/gems/web-console-2.3.0/lib/web_console/templates/console.js.erb within layouts/javascript (61.3ms)
  Rendered /home/lakshman/.rbenv/versions/2.2.2/lib/ruby/gems/2.2.0/gems/web-console-2.3.0/lib/web_console/templates/main.js.erb within layouts/javascript (0.3ms)
  Rendered /home/lakshman/.rbenv/versions/2.2.2/lib/ruby/gems/2.2.0/gems/web-console-2.3.0/lib/web_console/templates/error_page.js.erb within layouts/javascript (1.0ms)
  Rendered /home/lakshman/.rbenv/versions/2.2.2/lib/ruby/gems/2.2.0/gems/web-console-2.3.0/lib/web_console/templates/index.html.erb (102.2ms)


Started GET "/" for 127.0.0.1 at 2018-01-28 16:49:04 +0530
Processing by FamiliesController#index as HTML
  [1m[35mFamily Load (0.3ms)[0m  SELECT "families".* FROM "families"
  Rendered families/index.html.erb within layouts/application (2.6ms)
Completed 200 OK in 1549ms (Views: 1548.4ms | ActiveRecord: 0.4ms)


Started GET "/assets/families.self-e3b0c44298fc1c149afbf4c8996fb92427ae41e4649b934ca495991b7852b855.css?body=1" for 127.0.0.1 at 2018-01-28 16:49:05 +0530


Started GET "/assets/application.self-e80e8f2318043e8af94dddc2adad5a4f09739a8ebb323b3ab31cd71d45fd9113.css?body=1" for 127.0.0.1 at 2018-01-28 16:49:05 +0530


Started GET "/assets/jquery_ujs.self-784a997f6726036b1993eb2217c9cb558e1cbb801c6da88105588c56f13b466a.js?body=1" for 127.0.0.1 at 2018-01-28 16:49:05 +0530


Started GET "/assets/jquery.self-bd7ddd393353a8d2480a622e80342adf488fb6006d667e8b42e4c0073393abee.js?body=1" for 127.0.0.1 at 2018-01-28 16:49:05 +0530


Started GET "/assets/scaffolds.self-9bc7c22bf40078c709a4abdef17574f8cef94919767907c685cc51cce9660eea.css?body=1" for 127.0.0.1 at 2018-01-28 16:49:05 +0530


Started GET "/assets/turbolinks.self-2db6ec539b9190f75e1d477b305df53d12904d5cafdd47c7ffd91ba25cbec128.js?body=1" for 127.0.0.1 at 2018-01-28 16:49:05 +0530


Started GET "/assets/application.self-3b8dabdc891efe46b9a144b400ad69e37d7e5876bdc39dee783419a69d7ca819.js?body=1" for 127.0.0.1 at 2018-01-28 16:49:05 +0530


Started GET "/assets/families.self-877aef30ae1b040ab8a3aba4e3e309a11d7f2612f44dde450b5c157aa5f95c05.js?body=1" for 127.0.0.1 at 2018-01-28 16:49:05 +0530


Started GET "/families/new" for 127.0.0.1 at 2018-01-28 16:49:08 +0530
Processing by FamiliesController#new as HTML
  Rendered families/_form.html.erb (37.9ms)
  Rendered families/new.html.erb within layouts/application (39.5ms)
Completed 500 Internal Server Error in 45ms (ActiveRecord: 0.3ms)

ActionView::Template::Error (undefined local variable or method `age' for #<#<Class:0x0055fd0a73f1b0>:0x0055fd0bad2bc8>):
    12:   <% end %>
    13: 
    14:   <div class="field">
    15:     <%= f.label :name,age %><br>
    16:     <%= f.text_field :name,age %>
    17:   </div>
    18:   <div class="actions">
  app/views/families/_form.html.erb:15:in `block in _app_views_families__form_html_erb__4151830058647764902_47272655597640'
  app/views/families/_form.html.erb:1:in `_app_views_families__form_html_erb__4151830058647764902_47272655597640'
  app/views/families/new.html.erb:3:in `_app_views_families_new_html_erb___3664842455555921499_47272655501720'


  Rendered /home/lakshman/.rbenv/versions/2.2.2/lib/ruby/gems/2.2.0/gems/actionpack-4.2.7/lib/action_dispatch/middleware/templates/rescues/_source.erb (7.0ms)
  Rendered /home/lakshman/.rbenv/versions/2.2.2/lib/ruby/gems/2.2.0/gems/actionpack-4.2.7/lib/action_dispatch/middleware/templates/rescues/_trace.html.erb (2.8ms)
  Rendered /home/lakshman/.rbenv/versions/2.2.2/lib/ruby/gems/2.2.0/gems/actionpack-4.2.7/lib/action_dispatch/middleware/templates/rescues/_request_and_response.html.erb (1.0ms)
  Rendered /home/lakshman/.rbenv/versions/2.2.2/lib/ruby/gems/2.2.0/gems/actionpack-4.2.7/lib/action_dispatch/middleware/templates/rescues/template_error.html.erb within rescues/layout (29.6ms)
  Rendered /home/lakshman/.rbenv/versions/2.2.2/lib/ruby/gems/2.2.0/gems/web-console-2.3.0/lib/web_console/templates/_markup.html.erb (0.4ms)
  Rendered /home/lakshman/.rbenv/versions/2.2.2/lib/ruby/gems/2.2.0/gems/web-console-2.3.0/lib/web_console/templates/_inner_console_markup.html.erb within layouts/inlined_string (0.3ms)
  Rendered /home/lakshman/.rbenv/versions/2.2.2/lib/ruby/gems/2.2.0/gems/web-console-2.3.0/lib/web_console/templates/_prompt_box_markup.html.erb within layouts/inlined_string (0.3ms)
  Rendered /home/lakshman/.rbenv/versions/2.2.2/lib/ruby/gems/2.2.0/gems/web-console-2.3.0/lib/web_console/templates/style.css.erb within layouts/inlined_string (0.4ms)
  Rendered /home/lakshman/.rbenv/versions/2.2.2/lib/ruby/gems/2.2.0/gems/web-console-2.3.0/lib/web_console/templates/console.js.erb within layouts/javascript (20.7ms)
  Rendered /home/lakshman/.rbenv/versions/2.2.2/lib/ruby/gems/2.2.0/gems/web-console-2.3.0/lib/web_console/templates/main.js.erb within layouts/javascript (0.3ms)
  Rendered /home/lakshman/.rbenv/versions/2.2.2/lib/ruby/gems/2.2.0/gems/web-console-2.3.0/lib/web_console/templates/error_page.js.erb within layouts/javascript (0.4ms)
  Rendered /home/lakshman/.rbenv/versions/2.2.2/lib/ruby/gems/2.2.0/gems/web-console-2.3.0/lib/web_console/templates/index.html.erb (43.3ms)


Started GET "/families/new" for 127.0.0.1 at 2018-01-28 16:49:45 +0530
Processing by FamiliesController#new as HTML
  Rendered families/_form.html.erb (51.3ms)
  Rendered families/new.html.erb within layouts/application (52.3ms)
Completed 200 OK in 70ms (Views: 69.3ms | ActiveRecord: 0.0ms)


Started POST "/families" for 127.0.0.1 at 2018-01-28 16:49:50 +0530
Processing by FamiliesController#create as HTML
  Parameters: {"utf8"=>"✓", "authenticity_token"=>"K7yAY/6jC85XFpp5pyHRQlMqEGAc7e/pTxuZlEz4wQxT3O5TYwax/3MvsWZdzorf7K6u7W93k5+KHdFnrAERiQ==", "family"=>{"name"=>"gtest"}, "commit"=>"Create Family"}
Completed 500 Internal Server Error in 4ms (ActiveRecord: 0.0ms)

NameError (undefined local variable or method `age' for #<FamiliesController:0x007f31f9f73870>):
  app/controllers/families_controller.rb:72:in `family_params'
  app/controllers/families_controller.rb:27:in `create'


  Rendered /home/lakshman/.rbenv/versions/2.2.2/lib/ruby/gems/2.2.0/gems/actionpack-4.2.7/lib/action_dispatch/middleware/templates/rescues/_source.erb (5.3ms)
  Rendered /home/lakshman/.rbenv/versions/2.2.2/lib/ruby/gems/2.2.0/gems/actionpack-4.2.7/lib/action_dispatch/middleware/templates/rescues/_trace.html.erb (2.2ms)
  Rendered /home/lakshman/.rbenv/versions/2.2.2/lib/ruby/gems/2.2.0/gems/actionpack-4.2.7/lib/action_dispatch/middleware/templates/rescues/_request_and_response.html.erb (1.1ms)
  Rendered /home/lakshman/.rbenv/versions/2.2.2/lib/ruby/gems/2.2.0/gems/actionpack-4.2.7/lib/action_dispatch/middleware/templates/rescues/diagnostics.html.erb within rescues/layout (30.6ms)
  Rendered /home/lakshman/.rbenv/versions/2.2.2/lib/ruby/gems/2.2.0/gems/web-console-2.3.0/lib/web_console/templates/_markup.html.erb (0.4ms)
  Rendered /home/lakshman/.rbenv/versions/2.2.2/lib/ruby/gems/2.2.0/gems/web-console-2.3.0/lib/web_console/templates/_inner_console_markup.html.erb within layouts/inlined_string (0.3ms)
  Rendered /home/lakshman/.rbenv/versions/2.2.2/lib/ruby/gems/2.2.0/gems/web-console-2.3.0/lib/web_console/templates/_prompt_box_markup.html.erb within layouts/inlined_string (0.5ms)
  Rendered /home/lakshman/.rbenv/versions/2.2.2/lib/ruby/gems/2.2.0/gems/web-console-2.3.0/lib/web_console/templates/style.css.erb within layouts/inlined_string (0.4ms)
  Rendered /home/lakshman/.rbenv/versions/2.2.2/lib/ruby/gems/2.2.0/gems/web-console-2.3.0/lib/web_console/templates/console.js.erb within layouts/javascript (21.7ms)
  Rendered /home/lakshman/.rbenv/versions/2.2.2/lib/ruby/gems/2.2.0/gems/web-console-2.3.0/lib/web_console/templates/main.js.erb within layouts/javascript (0.3ms)
  Rendered /home/lakshman/.rbenv/versions/2.2.2/lib/ruby/gems/2.2.0/gems/web-console-2.3.0/lib/web_console/templates/error_page.js.erb within layouts/javascript (0.7ms)
  Rendered /home/lakshman/.rbenv/versions/2.2.2/lib/ruby/gems/2.2.0/gems/web-console-2.3.0/lib/web_console/templates/index.html.erb (45.1ms)


Started POST "/families" for 127.0.0.1 at 2018-01-28 16:50:14 +0530
Processing by FamiliesController#create as HTML
  Parameters: {"utf8"=>"✓", "authenticity_token"=>"K7yAY/6jC85XFpp5pyHRQlMqEGAc7e/pTxuZlEz4wQxT3O5TYwax/3MvsWZdzorf7K6u7W93k5+KHdFnrAERiQ==", "family"=>{"name"=>"gtest"}, "commit"=>"Create Family"}
  [1m[36m (0.1ms)[0m  [1mbegin transaction[0m
  [1m[35mSQL (0.4ms)[0m  INSERT INTO "families" ("name", "created_at", "updated_at") VALUES (?, ?, ?)  [["name", "gtest"], ["created_at", "2018-01-28 11:20:14.114701"], ["updated_at", "2018-01-28 11:20:14.114701"]]
  [1m[36m (89.5ms)[0m  [1mcommit transaction[0m
Redirected to http://localhost:3000/families/1
Completed 302 Found in 103ms (ActiveRecord: 90.9ms)


Started GET "/families/1" for 127.0.0.1 at 2018-01-28 16:50:14 +0530
Processing by FamiliesController#show as HTML
  Parameters: {"id"=>"1"}
  [1m[35mFamily Load (0.2ms)[0m  SELECT  "families".* FROM "families" WHERE "families"."id" = ? LIMIT 1  [["id", 1]]
  Rendered families/show.html.erb within layouts/application (0.9ms)
Completed 200 OK in 92ms (Views: 19.8ms | ActiveRecord: 0.2ms)


Started GET "/families/1/edit" for 127.0.0.1 at 2018-01-28 16:50:17 +0530
Processing by FamiliesController#edit as HTML
  Parameters: {"id"=>"1"}
  [1m[36mFamily Load (0.1ms)[0m  [1mSELECT  "families".* FROM "families" WHERE "families"."id" = ? LIMIT 1[0m  [["id", 1]]
  Rendered families/_form.html.erb (2.1ms)
  Rendered families/edit.html.erb within layouts/application (3.7ms)
Completed 200 OK in 21ms (Views: 20.4ms | ActiveRecord: 0.1ms)


Started PATCH "/families/1" for 127.0.0.1 at 2018-01-28 16:50:18 +0530
Processing by FamiliesController#update as HTML
  Parameters: {"utf8"=>"✓", "authenticity_token"=>"hX+lTlLYwJz0fx05jY1ONl+9TBuVIB6Lm0LxGzEY5qj9H8t+z316rdBGNiZ3YhWr4Dnylua6Yv1eRLno0eE2LQ==", "family"=>{"name"=>"gtest"}, "commit"=>"Update Family", "id"=>"1"}
  [1m[35mFamily Load (0.1ms)[0m  SELECT  "families".* FROM "families" WHERE "families"."id" = ? LIMIT 1  [["id", 1]]
  [1m[36m (0.1ms)[0m  [1mbegin transaction[0m
  [1m[35m (0.1ms)[0m  commit transaction
Redirected to http://localhost:3000/families/1
Completed 302 Found in 3ms (ActiveRecord: 0.2ms)


Started GET "/families/1" for 127.0.0.1 at 2018-01-28 16:50:18 +0530
Processing by FamiliesController#show as HTML
  Parameters: {"id"=>"1"}
  [1m[36mFamily Load (0.1ms)[0m  [1mSELECT  "families".* FROM "families" WHERE "families"."id" = ? LIMIT 1[0m  [["id", 1]]
  Rendered families/show.html.erb within layouts/application (0.3ms)
Completed 200 OK in 18ms (Views: 17.6ms | ActiveRecord: 0.1ms)


Started GET "/families" for 127.0.0.1 at 2018-01-28 16:50:20 +0530
Processing by FamiliesController#index as HTML
  [1m[35mFamily Load (0.2ms)[0m  SELECT "families".* FROM "families"
  Rendered families/index.html.erb within layouts/application (1.5ms)
Completed 200 OK in 20ms (Views: 19.4ms | ActiveRecord: 0.2ms)


Started GET "/families/1" for 127.0.0.1 at 2018-01-28 16:50:21 +0530
Processing by FamiliesController#show as HTML
  Parameters: {"id"=>"1"}
  [1m[36mFamily Load (0.1ms)[0m  [1mSELECT  "families".* FROM "families" WHERE "families"."id" = ? LIMIT 1[0m  [["id", 1]]
  Rendered families/show.html.erb within layouts/application (2.9ms)
Completed 200 OK in 32ms (Views: 31.0ms | ActiveRecord: 0.1ms)


Started GET "/families" for 127.0.0.1 at 2018-01-28 16:50:23 +0530
Processing by FamiliesController#index as HTML
  [1m[35mFamily Load (0.2ms)[0m  SELECT "families".* FROM "families"
  Rendered families/index.html.erb within layouts/application (1.6ms)
Completed 200 OK in 21ms (Views: 20.5ms | ActiveRecord: 0.2ms)


Started DELETE "/families/1" for 127.0.0.1 at 2018-01-28 16:50:26 +0530
Processing by FamiliesController#destroy as HTML
  Parameters: {"authenticity_token"=>"WJHlGCGafXy4DVo5gbrLgNQ+u05FIzTgUutCz1+UN98g8YsovD/HTZw0cSZ7VZAda7oFwza5SJaX7Qo8v23nWg==", "id"=>"1"}
  [1m[36mFamily Load (0.2ms)[0m  [1mSELECT  "families".* FROM "families" WHERE "families"."id" = ? LIMIT 1[0m  [["id", 1]]
  [1m[35m (0.1ms)[0m  begin transaction
  [1m[36mSQL (0.4ms)[0m  [1mDELETE FROM "families" WHERE "families"."id" = ?[0m  [["id", 1]]
  [1m[35m (98.2ms)[0m  commit transaction
Redirected to http://localhost:3000/families
Completed 302 Found in 102ms (ActiveRecord: 98.9ms)


Started GET "/families" for 127.0.0.1 at 2018-01-28 16:50:26 +0530
Processing by FamiliesController#index as HTML
  [1m[36mFamily Load (0.2ms)[0m  [1mSELECT "families".* FROM "families"[0m
  Rendered families/index.html.erb within layouts/application (0.8ms)
Completed 200 OK in 16ms (Views: 15.7ms | ActiveRecord: 0.2ms)
